2017-03-21 22:15:44 Error: [Cake\Console\Exception\MissingShellException] Shell class for "Bower" could not be found. in /home/www/cakephp/backend/vendor/cakephp/cakephp/src/Console/ShellDispatcher.php on line 327
Exception Attributes: array (
  'class' => 'Bower',
)
Stack Trace:
#0 /home/www/cakephp/backend/vendor/cakephp/cakephp/src/Console/ShellDispatcher.php(226): Cake\Console\ShellDispatcher->findShell('bower')
#1 /home/www/cakephp/backend/vendor/cakephp/cakephp/src/Console/ShellDispatcher.php(182): Cake\Console\ShellDispatcher->_dispatch(Array)
#2 /home/www/cakephp/backend/vendor/cakephp/cakephp/src/Console/ShellDispatcher.php(128): Cake\Console\ShellDispatcher->dispatch(Array)
#3 /home/www/cakephp/backend/bin/cake.php(34): Cake\Console\ShellDispatcher::run(Array)
#4 {main}


2017-03-22 01:10:12 Error: [Cake\Console\Exception\MissingShellException] Shell class for "Baker" could not be found. in /home/www/cakephp/backend/vendor/cakephp/cakephp/src/Console/ShellDispatcher.php on line 327
Exception Attributes: array (
  'class' => 'Baker',
)
Stack Trace:
#0 /home/www/cakephp/backend/vendor/cakephp/cakephp/src/Console/ShellDispatcher.php(226): Cake\Console\ShellDispatcher->findShell('baker')
#1 /home/www/cakephp/backend/vendor/cakephp/cakephp/src/Console/ShellDispatcher.php(182): Cake\Console\ShellDispatcher->_dispatch(Array)
#2 /home/www/cakephp/backend/vendor/cakephp/cakephp/src/Console/ShellDispatcher.php(128): Cake\Console\ShellDispatcher->dispatch(Array)
#3 /home/www/cakephp/backend/bin/cake.php(34): Cake\Console\ShellDispatcher::run(Array)
#4 {main}


